# JRE version: OpenJDK Runtime Environment (21.0.8) (build 21.0.8+-14196175-b1038.72)
# Java VM: OpenJDK 64-Bit Server VM (21.0.8+-14196175-b1038.72, mixed mode, tiered, compressed oops, compressed class ptrs, g1 gc, windows-amd64)
GC Precious Log:
 CardTable entry size: 512
 Card Set container configuration: InlinePtr #cards 5 size 8 Array Of Cards #cards 12 size 40 Howl #buckets 4 coarsen threshold 1843 Howl Bitmap #cards 512 size 80 coarsen threshold 460 Card regions per heap region 1 cards per card region 2048
 CPUs: 4 total, 4 available
 Memory: 8058M
 Large Page Support: Disabled
 NUMA Support: Disabled
 Compressed Oops: Enabled (32-bit)
 Heap Region Size: 1M
 Heap Min Capacity: 8M
 Heap Initial Capacity: 126M
 Heap Max Capacity: 2016M
 Pre-touch: Disabled
 Parallel Workers: 4
 Concurrent Workers: 1
 Concurrent Refinement Workers: 4
 Periodic GC: Disabled
Heap:
 garbage-first heap   total 247808K, used 203528K [0x0000000082000000, 0x0000000100000000)
  region size 1024K, 51 young (52224K), 6 survivors (6144K)
 Metaspace       used 72082K, committed 72384K, reserved 1114112K
  class space    used 7901K, committed 8064K, reserved 1048576K
GC Heap History (20 events):
Event: 30.764 GC heap before
{Heap before GC invocations=32 (full 0):
 garbage-first heap   total 153600K, used 130048K [0x0000000082000000, 0x0000000100000000)
  region size 1024K, 36 young (36864K), 3 survivors (3072K)
 Metaspace       used 66220K, committed 66496K, reserved 1114112K
  class space    used 7633K, committed 7744K, reserved 1048576K
}
Event: 30.782 GC heap after
{Heap after GC invocations=33 (full 0):
 garbage-first heap   total 184320K, used 101872K [0x0000000082000000, 0x0000000100000000)
  region size 1024K, 5 young (5120K), 5 survivors (5120K)
 Metaspace       used 66220K, committed 66496K, reserved 1114112K
  class space    used 7633K, committed 7744K, reserved 1048576K
}
Event: 33.764 GC heap before
{Heap before GC invocations=33 (full 0):
 garbage-first heap   total 184320K, used 157168K [0x0000000082000000, 0x0000000100000000)
  region size 1024K, 59 young (60416K), 5 survivors (5120K)
 Metaspace       used 68907K, committed 69248K, reserved 1114112K
  class space    used 7783K, committed 7936K, reserved 1048576K
}
Event: 33.783 GC heap after
{Heap after GC invocations=34 (full 0):
 garbage-first heap   total 184320K, used 111068K [0x0000000082000000, 0x0000000100000000)
  region size 1024K, 8 young (8192K), 8 survivors (8192K)
 Metaspace       used 68907K, committed 69248K, reserved 1114112K
  class space    used 7783K, committed 7936K, reserved 1048576K
}
Event: 35.358 GC heap before
{Heap before GC invocations=34 (full 0):
 garbage-first heap   total 184320K, used 156124K [0x0000000082000000, 0x0000000100000000)
  region size 1024K, 52 young (53248K), 8 survivors (8192K)
 Metaspace       used 69579K, committed 69888K, reserved 1114112K
  class space    used 7819K, committed 7936K, reserved 1048576K
}
Event: 35.378 GC heap after
{Heap after GC invocations=35 (full 0):
 garbage-first heap   total 184320K, used 119519K [0x0000000082000000, 0x0000000100000000)
  region size 1024K, 7 young (7168K), 7 survivors (7168K)
 Metaspace       used 69579K, committed 69888K, reserved 1114112K
  class space    used 7819K, committed 7936K, reserved 1048576K
}
Event: 37.311 GC heap before
{Heap before GC invocations=35 (full 0):
 garbage-first heap   total 184320K, used 160479K [0x0000000082000000, 0x0000000100000000)
  region size 1024K, 47 young (48128K), 7 survivors (7168K)
 Metaspace       used 69960K, committed 70208K, reserved 1114112K
  class space    used 7828K, committed 7936K, reserved 1048576K
}
Event: 37.325 GC heap after
{Heap after GC invocations=36 (full 0):
 garbage-first heap   total 184320K, used 124256K [0x0000000082000000, 0x0000000100000000)
  region size 1024K, 5 young (5120K), 5 survivors (5120K)
 Metaspace       used 69960K, committed 70208K, reserved 1114112K
  class space    used 7828K, committed 7936K, reserved 1048576K
}
Event: 39.568 GC heap before
{Heap before GC invocations=37 (full 0):
 garbage-first heap   total 206848K, used 163168K [0x0000000082000000, 0x0000000100000000)
  region size 1024K, 44 young (45056K), 5 survivors (5120K)
 Metaspace       used 70311K, committed 70528K, reserved 1114112K
  class space    used 7847K, committed 7936K, reserved 1048576K
}
Event: 39.578 GC heap after
{Heap after GC invocations=38 (full 0):
 garbage-first heap   total 206848K, used 126770K [0x0000000082000000, 0x0000000100000000)
  region size 1024K, 4 young (4096K), 4 survivors (4096K)
 Metaspace       used 70311K, committed 70528K, reserved 1114112K
  class space    used 7847K, committed 7936K, reserved 1048576K
}
Event: 41.482 GC heap before
{Heap before GC invocations=38 (full 0):
 garbage-first heap   total 206848K, used 182066K [0x0000000082000000, 0x0000000100000000)
  region size 1024K, 58 young (59392K), 4 survivors (4096K)
 Metaspace       used 70676K, committed 71040K, reserved 1114112K
  class space    used 7851K, committed 8000K, reserved 1048576K
}
Event: 41.501 GC heap after
{Heap after GC invocations=39 (full 0):
 garbage-first heap   total 206848K, used 133580K [0x0000000082000000, 0x0000000100000000)
  region size 1024K, 8 young (8192K), 8 survivors (8192K)
 Metaspace       used 70676K, committed 71040K, reserved 1114112K
  class space    used 7851K, committed 8000K, reserved 1048576K
}
Event: 43.172 GC heap before
{Heap before GC invocations=39 (full 0):
 garbage-first heap   total 206848K, used 184780K [0x0000000082000000, 0x0000000100000000)
  region size 1024K, 58 young (59392K), 8 survivors (8192K)
 Metaspace       used 71139K, committed 71488K, reserved 1114112K
  class space    used 7861K, committed 8000K, reserved 1048576K
}
Event: 43.192 GC heap after
{Heap after GC invocations=40 (full 0):
 garbage-first heap   total 206848K, used 142246K [0x0000000082000000, 0x0000000100000000)
  region size 1024K, 8 young (8192K), 8 survivors (8192K)
 Metaspace       used 71139K, committed 71488K, reserved 1114112K
  class space    used 7861K, committed 8000K, reserved 1048576K
}
Event: 44.994 GC heap before
{Heap before GC invocations=40 (full 0):
 garbage-first heap   total 206848K, used 186278K [0x0000000082000000, 0x0000000100000000)
  region size 1024K, 51 young (52224K), 8 survivors (8192K)
 Metaspace       used 71469K, committed 71808K, reserved 1114112K
  class space    used 7870K, committed 8000K, reserved 1048576K
}
Event: 45.011 GC heap after
{Heap after GC invocations=41 (full 0):
 garbage-first heap   total 206848K, used 147865K [0x0000000082000000, 0x0000000100000000)
  region size 1024K, 6 young (6144K), 6 survivors (6144K)
 Metaspace       used 71469K, committed 71808K, reserved 1114112K
  class space    used 7870K, committed 8000K, reserved 1048576K
}
Event: 47.070 GC heap before
{Heap before GC invocations=42 (full 0):
 garbage-first heap   total 247808K, used 186777K [0x0000000082000000, 0x0000000100000000)
  region size 1024K, 44 young (45056K), 6 survivors (6144K)
 Metaspace       used 71744K, committed 72064K, reserved 1114112K
  class space    used 7890K, committed 8000K, reserved 1048576K
}
Event: 47.085 GC heap after
{Heap after GC invocations=43 (full 0):
 garbage-first heap   total 247808K, used 153500K [0x0000000082000000, 0x0000000100000000)
  region size 1024K, 6 young (6144K), 6 survivors (6144K)
 Metaspace       used 71744K, committed 72064K, reserved 1114112K
  class space    used 7890K, committed 8000K, reserved 1048576K
}
Event: 49.615 GC heap before
{Heap before GC invocations=43 (full 0):
 garbage-first heap   total 247808K, used 218012K [0x0000000082000000, 0x0000000100000000)
  region size 1024K, 69 young (70656K), 6 survivors (6144K)
 Metaspace       used 71943K, committed 72192K, reserved 1114112K
  class space    used 7894K, committed 8000K, reserved 1048576K
}
Event: 49.633 GC heap after
{Heap after GC invocations=44 (full 0):
 garbage-first heap   total 247808K, used 158472K [0x0000000082000000, 0x0000000100000000)
  region size 1024K, 6 young (6144K), 6 survivors (6144K)
 Metaspace       used 71943K, committed 72192K, reserved 1114112K
  class space    used 7894K, committed 8000K, reserved 1048576K
}

