# JRE version: OpenJDK Runtime Environment (21.0.8) (build 21.0.8+-14196175-b1038.72)
# Java VM: OpenJDK 64-Bit Server VM (21.0.8+-14196175-b1038.72, mixed mode, tiered, compressed oops, compressed class ptrs, g1 gc, windows-amd64)
GC Precious Log:
 CardTable entry size: 512
 Card Set container configuration: InlinePtr #cards 5 size 8 Array Of Cards #cards 12 size 40 Howl #buckets 4 coarsen threshold 1843 Howl Bitmap #cards 512 size 80 coarsen threshold 460 Card regions per heap region 1 cards per card region 2048
 CPUs: 4 total, 4 available
 Memory: 8058M
 Large Page Support: Disabled
 NUMA Support: Disabled
 Compressed Oops: Enabled (32-bit)
 Heap Region Size: 1M
 Heap Min Capacity: 8M
 Heap Initial Capacity: 126M
 Heap Max Capacity: 2G
 Pre-touch: Disabled
 Parallel Workers: 4
 Concurrent Workers: 1
 Concurrent Refinement Workers: 4
 Periodic GC: Disabled
Heap:
 garbage-first heap   total 296960K, used 238592K [0x0000000080000000, 0x0000000100000000)
  region size 1024K, 2 young (2048K), 2 survivors (2048K)
 Metaspace       used 130915K, committed 132352K, reserved 1179648K
  class space    used 17917K, committed 18624K, reserved 1048576K
GC Heap History (20 events):
Event: 2153.415 GC heap after
{Heap after GC invocations=73 (full 0):
 garbage-first heap   total 287744K, used 166722K [0x0000000080000000, 0x0000000100000000)
  region size 1024K, 15 young (15360K), 15 survivors (15360K)
 Metaspace       used 121644K, committed 123904K, reserved 1179648K
  class space    used 17092K, committed 18240K, reserved 1048576K
}
Event: 2805.439 GC heap before
{Heap before GC invocations=74 (full 0):
 garbage-first heap   total 287744K, used 254786K [0x0000000080000000, 0x0000000100000000)
  region size 1024K, 103 young (105472K), 15 survivors (15360K)
 Metaspace       used 118716K, committed 124032K, reserved 1179648K
  class space    used 16326K, committed 18240K, reserved 1048576K
}
Event: 2806.943 GC heap after
{Heap after GC invocations=75 (full 0):
 garbage-first heap   total 287744K, used 170700K [0x0000000080000000, 0x0000000100000000)
  region size 1024K, 5 young (5120K), 5 survivors (5120K)
 Metaspace       used 118716K, committed 124032K, reserved 1179648K
  class space    used 16326K, committed 18240K, reserved 1048576K
}
Event: 7030.892 GC heap before
{Heap before GC invocations=75 (full 0):
 garbage-first heap   total 287744K, used 266956K [0x0000000080000000, 0x0000000100000000)
  region size 1024K, 99 young (101376K), 5 survivors (5120K)
 Metaspace       used 119348K, committed 124032K, reserved 1179648K
  class space    used 16470K, committed 18240K, reserved 1048576K
}
Event: 7031.253 GC heap after
{Heap after GC invocations=76 (full 0):
 garbage-first heap   total 287744K, used 172544K [0x0000000080000000, 0x0000000100000000)
  region size 1024K, 7 young (7168K), 7 survivors (7168K)
 Metaspace       used 119348K, committed 124032K, reserved 1179648K
  class space    used 16470K, committed 18240K, reserved 1048576K
}
Event: 7031.507 GC heap before
{Heap before GC invocations=76 (full 0):
 garbage-first heap   total 287744K, used 179712K [0x0000000080000000, 0x0000000100000000)
  region size 1024K, 14 young (14336K), 7 survivors (7168K)
 Metaspace       used 119362K, committed 124032K, reserved 1179648K
  class space    used 16473K, committed 18240K, reserved 1048576K
}
Event: 7031.587 GC heap after
{Heap after GC invocations=77 (full 0):
 garbage-first heap   total 287744K, used 172521K [0x0000000080000000, 0x0000000100000000)
  region size 1024K, 1 young (1024K), 1 survivors (1024K)
 Metaspace       used 119362K, committed 124032K, reserved 1179648K
  class space    used 16473K, committed 18240K, reserved 1048576K
}
Event: 7042.723 GC heap before
{Heap before GC invocations=77 (full 0):
 garbage-first heap   total 287744K, used 244201K [0x0000000080000000, 0x0000000100000000)
  region size 1024K, 72 young (73728K), 1 survivors (1024K)
 Metaspace       used 125057K, committed 126720K, reserved 1179648K
  class space    used 17259K, committed 18240K, reserved 1048576K
}
Event: 7042.795 GC heap after
{Heap after GC invocations=78 (full 0):
 garbage-first heap   total 287744K, used 179445K [0x0000000080000000, 0x0000000100000000)
  region size 1024K, 8 young (8192K), 8 survivors (8192K)
 Metaspace       used 125057K, committed 126720K, reserved 1179648K
  class space    used 17259K, committed 18240K, reserved 1048576K
}
Event: 7044.726 GC heap before
{Heap before GC invocations=78 (full 0):
 garbage-first heap   total 287744K, used 189685K [0x0000000080000000, 0x0000000100000000)
  region size 1024K, 18 young (18432K), 8 survivors (8192K)
 Metaspace       used 125146K, committed 126848K, reserved 1179648K
  class space    used 17265K, committed 18240K, reserved 1048576K
}
Event: 7044.792 GC heap after
{Heap after GC invocations=79 (full 0):
 garbage-first heap   total 287744K, used 181387K [0x0000000080000000, 0x0000000100000000)
  region size 1024K, 3 young (3072K), 3 survivors (3072K)
 Metaspace       used 125146K, committed 126848K, reserved 1179648K
  class space    used 17265K, committed 18240K, reserved 1048576K
}
Event: 7053.679 GC heap before
{Heap before GC invocations=79 (full 0):
 garbage-first heap   total 287744K, used 273547K [0x0000000080000000, 0x0000000100000000)
  region size 1024K, 85 young (87040K), 3 survivors (3072K)
 Metaspace       used 127183K, committed 128768K, reserved 1179648K
  class space    used 17428K, committed 18304K, reserved 1048576K
}
Event: 7053.793 GC heap after
{Heap after GC invocations=80 (full 0):
 garbage-first heap   total 296960K, used 203776K [0x0000000080000000, 0x0000000100000000)
  region size 1024K, 11 young (11264K), 11 survivors (11264K)
 Metaspace       used 127183K, committed 128768K, reserved 1179648K
  class space    used 17428K, committed 18304K, reserved 1048576K
}
Event: 7054.307 GC heap before
{Heap before GC invocations=80 (full 0):
 garbage-first heap   total 296960K, used 206848K [0x0000000080000000, 0x0000000100000000)
  region size 1024K, 14 young (14336K), 11 survivors (11264K)
 Metaspace       used 127467K, committed 129024K, reserved 1179648K
  class space    used 17463K, committed 18304K, reserved 1048576K
}
Event: 7054.456 GC heap after
{Heap after GC invocations=81 (full 0):
 garbage-first heap   total 296960K, used 202121K [0x0000000080000000, 0x0000000100000000)
  region size 1024K, 2 young (2048K), 2 survivors (2048K)
 Metaspace       used 127467K, committed 129024K, reserved 1179648K
  class space    used 17463K, committed 18304K, reserved 1048576K
}
Event: 7057.910 GC heap before
{Heap before GC invocations=81 (full 0):
 garbage-first heap   total 296960K, used 265609K [0x0000000080000000, 0x0000000100000000)
  region size 1024K, 65 young (66560K), 2 survivors (2048K)
 Metaspace       used 130569K, committed 131904K, reserved 1179648K
  class space    used 17888K, committed 18560K, reserved 1048576K
}
Event: 7057.976 GC heap after
{Heap after GC invocations=82 (full 0):
 garbage-first heap   total 296960K, used 220160K [0x0000000080000000, 0x0000000100000000)
  region size 1024K, 9 young (9216K), 9 survivors (9216K)
 Metaspace       used 130569K, committed 131904K, reserved 1179648K
  class space    used 17888K, committed 18560K, reserved 1048576K
}
Event: 7058.443 GC heap before
{Heap before GC invocations=82 (full 0):
 garbage-first heap   total 296960K, used 225280K [0x0000000080000000, 0x0000000100000000)
  region size 1024K, 14 young (14336K), 9 survivors (9216K)
 Metaspace       used 130894K, committed 132288K, reserved 1179648K
  class space    used 17917K, committed 18624K, reserved 1048576K
}
Event: 7058.463 GC heap after
{Heap after GC invocations=83 (full 0):
 garbage-first heap   total 296960K, used 223232K [0x0000000080000000, 0x0000000100000000)
  region size 1024K, 2 young (2048K), 2 survivors (2048K)
 Metaspace       used 130894K, committed 132288K, reserved 1179648K
  class space    used 17917K, committed 18624K, reserved 1048576K
}
Event: 7059.059 GC heap before
{Heap before GC invocations=83 (full 0):
 garbage-first heap   total 296960K, used 241664K [0x0000000080000000, 0x0000000100000000)
  region size 1024K, 14 young (14336K), 2 survivors (2048K)
 Metaspace       used 130915K, committed 132352K, reserved 1179648K
  class space    used 17917K, committed 18624K, reserved 1048576K
}

