# JRE version: OpenJDK Runtime Environment (21.0.8) (build 21.0.8+-14196175-b1038.72)
# Java VM: OpenJDK 64-Bit Server VM (21.0.8+-14196175-b1038.72, mixed mode, tiered, compressed oops, compressed class ptrs, g1 gc, windows-amd64)
GC Precious Log:
 CardTable entry size: 512
 Card Set container configuration: InlinePtr #cards 5 size 8 Array Of Cards #cards 12 size 40 Howl #buckets 4 coarsen threshold 1843 Howl Bitmap #cards 512 size 80 coarsen threshold 460 Card regions per heap region 1 cards per card region 2048
 CPUs: 4 total, 4 available
 Memory: 8058M
 Large Page Support: Disabled
 NUMA Support: Disabled
 Compressed Oops: Enabled (32-bit)
 Heap Region Size: 1M
 Heap Min Capacity: 8M
 Heap Initial Capacity: 126M
 Heap Max Capacity: 2G
 Pre-touch: Disabled
 Parallel Workers: 4
 Concurrent Workers: 1
 Concurrent Refinement Workers: 4
 Periodic GC: Disabled
Heap:
 garbage-first heap   total 470016K, used 232321K [0x0000000080000000, 0x0000000100000000)
  region size 1024K, 12 young (12288K), 12 survivors (12288K)
 Metaspace       used 150797K, committed 153280K, reserved 1245184K
  class space    used 20450K, committed 22080K, reserved 1048576K
GC Heap History (20 events):
Event: 2894.153 GC heap after
{Heap after GC invocations=99 (full 0):
 garbage-first heap   total 465920K, used 227840K [0x0000000080000000, 0x0000000100000000)
  region size 1024K, 5 young (5120K), 5 survivors (5120K)
 Metaspace       used 150123K, committed 152960K, reserved 1179648K
  class space    used 20447K, committed 22080K, reserved 1048576K
}
Event: 2928.110 GC heap before
{Heap before GC invocations=100 (full 0):
 garbage-first heap   total 465920K, used 342528K [0x0000000080000000, 0x0000000100000000)
  region size 1024K, 124 young (126976K), 5 survivors (5120K)
 Metaspace       used 150253K, committed 153024K, reserved 1179648K
  class space    used 20447K, committed 22080K, reserved 1048576K
}
Event: 2928.144 GC heap after
{Heap after GC invocations=101 (full 0):
 garbage-first heap   total 465920K, used 224541K [0x0000000080000000, 0x0000000100000000)
  region size 1024K, 8 young (8192K), 8 survivors (8192K)
 Metaspace       used 150253K, committed 153024K, reserved 1179648K
  class space    used 20447K, committed 22080K, reserved 1048576K
}
Event: 2929.872 GC heap before
{Heap before GC invocations=101 (full 0):
 garbage-first heap   total 465920K, used 259357K [0x0000000080000000, 0x0000000100000000)
  region size 1024K, 43 young (44032K), 8 survivors (8192K)
 Metaspace       used 150269K, committed 153024K, reserved 1179648K
  class space    used 20447K, committed 22080K, reserved 1048576K
}
Event: 2929.914 GC heap after
{Heap after GC invocations=102 (full 0):
 garbage-first heap   total 465920K, used 221440K [0x0000000080000000, 0x0000000100000000)
  region size 1024K, 2 young (2048K), 2 survivors (2048K)
 Metaspace       used 150269K, committed 153024K, reserved 1179648K
  class space    used 20447K, committed 22080K, reserved 1048576K
}
Event: 2931.218 GC heap before
{Heap before GC invocations=102 (full 0):
 garbage-first heap   total 465920K, used 339200K [0x0000000080000000, 0x0000000100000000)
  region size 1024K, 117 young (119808K), 2 survivors (2048K)
 Metaspace       used 150306K, committed 153024K, reserved 1179648K
  class space    used 20447K, committed 22080K, reserved 1048576K
}
Event: 2931.230 GC heap after
{Heap after GC invocations=103 (full 0):
 garbage-first heap   total 465920K, used 218374K [0x0000000080000000, 0x0000000100000000)
  region size 1024K, 2 young (2048K), 2 survivors (2048K)
 Metaspace       used 150306K, committed 153024K, reserved 1179648K
  class space    used 20447K, committed 22080K, reserved 1048576K
}
Event: 3849.838 GC heap before
{Heap before GC invocations=103 (full 0):
 garbage-first heap   total 465920K, used 464134K [0x0000000080000000, 0x0000000100000000)
  region size 1024K, 124 young (126976K), 2 survivors (2048K)
 Metaspace       used 150444K, committed 153152K, reserved 1245184K
  class space    used 20448K, committed 22080K, reserved 1048576K
}
Event: 3850.156 GC heap after
{Heap after GC invocations=104 (full 0):
 garbage-first heap   total 470016K, used 215793K [0x0000000080000000, 0x0000000100000000)
  region size 1024K, 3 young (3072K), 3 survivors (3072K)
 Metaspace       used 150444K, committed 153152K, reserved 1245184K
  class space    used 20448K, committed 22080K, reserved 1048576K
}
Event: 3851.522 GC heap before
{Heap before GC invocations=104 (full 0):
 garbage-first heap   total 470016K, used 235249K [0x0000000080000000, 0x0000000100000000)
  region size 1024K, 22 young (22528K), 3 survivors (3072K)
 Metaspace       used 150446K, committed 153152K, reserved 1245184K
  class space    used 20448K, committed 22080K, reserved 1048576K
}
Event: 3851.662 GC heap after
{Heap after GC invocations=105 (full 0):
 garbage-first heap   total 470016K, used 216705K [0x0000000080000000, 0x0000000100000000)
  region size 1024K, 3 young (3072K), 3 survivors (3072K)
 Metaspace       used 150446K, committed 153152K, reserved 1245184K
  class space    used 20448K, committed 22080K, reserved 1048576K
}
Event: 3854.439 GC heap before
{Heap before GC invocations=105 (full 0):
 garbage-first heap   total 470016K, used 236161K [0x0000000080000000, 0x0000000100000000)
  region size 1024K, 22 young (22528K), 3 survivors (3072K)
 Metaspace       used 150496K, committed 153152K, reserved 1245184K
  class space    used 20449K, committed 22080K, reserved 1048576K
}
Event: 3854.574 GC heap after
{Heap after GC invocations=106 (full 0):
 garbage-first heap   total 470016K, used 217397K [0x0000000080000000, 0x0000000100000000)
  region size 1024K, 3 young (3072K), 3 survivors (3072K)
 Metaspace       used 150496K, committed 153152K, reserved 1245184K
  class space    used 20449K, committed 22080K, reserved 1048576K
}
Event: 3855.881 GC heap before
{Heap before GC invocations=106 (full 0):
 garbage-first heap   total 470016K, used 236853K [0x0000000080000000, 0x0000000100000000)
  region size 1024K, 22 young (22528K), 3 survivors (3072K)
 Metaspace       used 150609K, committed 153216K, reserved 1245184K
  class space    used 20449K, committed 22080K, reserved 1048576K
}
Event: 3856.018 GC heap after
{Heap after GC invocations=107 (full 0):
 garbage-first heap   total 470016K, used 218508K [0x0000000080000000, 0x0000000100000000)
  region size 1024K, 3 young (3072K), 3 survivors (3072K)
 Metaspace       used 150609K, committed 153216K, reserved 1245184K
  class space    used 20449K, committed 22080K, reserved 1048576K
}
Event: 3856.769 GC heap before
{Heap before GC invocations=107 (full 0):
 garbage-first heap   total 470016K, used 237964K [0x0000000080000000, 0x0000000100000000)
  region size 1024K, 22 young (22528K), 3 survivors (3072K)
 Metaspace       used 150613K, committed 153216K, reserved 1245184K
  class space    used 20449K, committed 22080K, reserved 1048576K
}
Event: 3856.870 GC heap after
{Heap after GC invocations=108 (full 0):
 garbage-first heap   total 470016K, used 222208K [0x0000000080000000, 0x0000000100000000)
  region size 1024K, 3 young (3072K), 3 survivors (3072K)
 Metaspace       used 150613K, committed 153216K, reserved 1245184K
  class space    used 20449K, committed 22080K, reserved 1048576K
}
Event: 3857.213 GC heap before
{Heap before GC invocations=108 (full 0):
 garbage-first heap   total 470016K, used 241664K [0x0000000080000000, 0x0000000100000000)
  region size 1024K, 22 young (22528K), 3 survivors (3072K)
 Metaspace       used 150627K, committed 153216K, reserved 1245184K
  class space    used 20449K, committed 22080K, reserved 1048576K
}
Event: 3857.306 GC heap after
{Heap after GC invocations=109 (full 0):
 garbage-first heap   total 470016K, used 223587K [0x0000000080000000, 0x0000000100000000)
  region size 1024K, 3 young (3072K), 3 survivors (3072K)
 Metaspace       used 150627K, committed 153216K, reserved 1245184K
  class space    used 20449K, committed 22080K, reserved 1048576K
}
Event: 3941.044 GC heap before
{Heap before GC invocations=109 (full 0):
 garbage-first heap   total 470016K, used 430435K [0x0000000080000000, 0x0000000100000000)
  region size 1024K, 206 young (210944K), 3 survivors (3072K)
 Metaspace       used 150797K, committed 153280K, reserved 1245184K
  class space    used 20450K, committed 22080K, reserved 1048576K
}

