# JRE version: OpenJDK Runtime Environment (21.0.8) (build 21.0.8+-14196175-b1038.72)
# Java VM: OpenJDK 64-Bit Server VM (21.0.8+-14196175-b1038.72, mixed mode, tiered, compressed oops, compressed class ptrs, g1 gc, windows-amd64)
GC Precious Log:
 CardTable entry size: 512
 Card Set container configuration: InlinePtr #cards 5 size 8 Array Of Cards #cards 12 size 40 Howl #buckets 4 coarsen threshold 1843 Howl Bitmap #cards 512 size 80 coarsen threshold 460 Card regions per heap region 1 cards per card region 2048
 CPUs: 4 total, 4 available
 Memory: 8058M
 Large Page Support: Disabled
 NUMA Support: Disabled
 Compressed Oops: Enabled (32-bit)
 Heap Region Size: 1M
 Heap Min Capacity: 8M
 Heap Initial Capacity: 126M
 Heap Max Capacity: 2G
 Pre-touch: Disabled
 Parallel Workers: 4
 Concurrent Workers: 1
 Concurrent Refinement Workers: 4
 Periodic GC: Disabled
Heap:
 garbage-first heap   total 514048K, used 417792K [0x0000000080000000, 0x0000000100000000)
  region size 1024K, 9 young (9216K), 9 survivors (9216K)
 Metaspace       used 147690K, committed 150272K, reserved 1179648K
  class space    used 20616K, committed 21888K, reserved 1048576K
GC Heap History (20 events):
Event: 173.640 GC heap after
{Heap after GC invocations=62 (full 0):
 garbage-first heap   total 342016K, used 215552K [0x0000000080000000, 0x0000000100000000)
  region size 1024K, 11 young (11264K), 11 survivors (11264K)
 Metaspace       used 139295K, committed 141824K, reserved 1179648K
  class space    used 19194K, committed 20416K, reserved 1048576K
}
Event: 175.522 GC heap before
{Heap before GC invocations=62 (full 0):
 garbage-first heap   total 342016K, used 284160K [0x0000000080000000, 0x0000000100000000)
  region size 1024K, 79 young (80896K), 11 survivors (11264K)
 Metaspace       used 139888K, committed 142400K, reserved 1179648K
  class space    used 19300K, committed 20544K, reserved 1048576K
}
Event: 175.561 GC heap after
{Heap after GC invocations=63 (full 0):
 garbage-first heap   total 342016K, used 226190K [0x0000000080000000, 0x0000000100000000)
  region size 1024K, 10 young (10240K), 10 survivors (10240K)
 Metaspace       used 139888K, committed 142400K, reserved 1179648K
  class space    used 19300K, committed 20544K, reserved 1048576K
}
Event: 178.760 GC heap before
{Heap before GC invocations=63 (full 0):
 garbage-first heap   total 342016K, used 313230K [0x0000000080000000, 0x0000000100000000)
  region size 1024K, 95 young (97280K), 10 survivors (10240K)
 Metaspace       used 140367K, committed 142848K, reserved 1179648K
  class space    used 19403K, committed 20608K, reserved 1048576K
}
Event: 178.786 GC heap after
{Heap after GC invocations=64 (full 0):
 garbage-first heap   total 342016K, used 231911K [0x0000000080000000, 0x0000000100000000)
  region size 1024K, 8 young (8192K), 8 survivors (8192K)
 Metaspace       used 140367K, committed 142848K, reserved 1179648K
  class space    used 19403K, committed 20608K, reserved 1048576K
}
Event: 180.068 GC heap before
{Heap before GC invocations=64 (full 0):
 garbage-first heap   total 342016K, used 303591K [0x0000000080000000, 0x0000000100000000)
  region size 1024K, 80 young (81920K), 8 survivors (8192K)
 Metaspace       used 140378K, committed 142912K, reserved 1179648K
  class space    used 19403K, committed 20608K, reserved 1048576K
}
Event: 180.082 GC heap after
{Heap after GC invocations=65 (full 0):
 garbage-first heap   total 342016K, used 233958K [0x0000000080000000, 0x0000000100000000)
  region size 1024K, 5 young (5120K), 5 survivors (5120K)
 Metaspace       used 140378K, committed 142912K, reserved 1179648K
  class space    used 19403K, committed 20608K, reserved 1048576K
}
Event: 181.591 GC heap before
{Heap before GC invocations=66 (full 0):
 garbage-first heap   total 393216K, used 315878K [0x0000000080000000, 0x0000000100000000)
  region size 1024K, 85 young (87040K), 5 survivors (5120K)
 Metaspace       used 140467K, committed 143040K, reserved 1179648K
  class space    used 19414K, committed 20672K, reserved 1048576K
}
Event: 181.606 GC heap after
{Heap after GC invocations=67 (full 0):
 garbage-first heap   total 393216K, used 237568K [0x0000000080000000, 0x0000000100000000)
  region size 1024K, 8 young (8192K), 8 survivors (8192K)
 Metaspace       used 140467K, committed 143040K, reserved 1179648K
  class space    used 19414K, committed 20672K, reserved 1048576K
}
Event: 183.329 GC heap before
{Heap before GC invocations=67 (full 0):
 garbage-first heap   total 393216K, used 359423K [0x0000000080000000, 0x0000000100000000)
  region size 1024K, 128 young (131072K), 8 survivors (8192K)
 Metaspace       used 141905K, committed 144448K, reserved 1179648K
  class space    used 19644K, committed 20864K, reserved 1048576K
}
Event: 183.352 GC heap after
{Heap after GC invocations=68 (full 0):
 garbage-first heap   total 393216K, used 230096K [0x0000000080000000, 0x0000000100000000)
  region size 1024K, 13 young (13312K), 13 survivors (13312K)
 Metaspace       used 141905K, committed 144448K, reserved 1179648K
  class space    used 19644K, committed 20864K, reserved 1048576K
}
Event: 184.929 GC heap before
{Heap before GC invocations=68 (full 0):
 garbage-first heap   total 393216K, used 358096K [0x0000000080000000, 0x0000000100000000)
  region size 1024K, 139 young (142336K), 13 survivors (13312K)
 Metaspace       used 142233K, committed 144768K, reserved 1179648K
  class space    used 19681K, committed 20928K, reserved 1048576K
}
Event: 184.949 GC heap after
{Heap after GC invocations=69 (full 0):
 garbage-first heap   total 393216K, used 234319K [0x0000000080000000, 0x0000000100000000)
  region size 1024K, 12 young (12288K), 12 survivors (12288K)
 Metaspace       used 142233K, committed 144768K, reserved 1179648K
  class space    used 19681K, committed 20928K, reserved 1048576K
}
Event: 186.793 GC heap before
{Heap before GC invocations=70 (full 0):
 garbage-first heap   total 442368K, used 440143K [0x0000000080000000, 0x0000000100000000)
  region size 1024K, 94 young (96256K), 12 survivors (12288K)
 Metaspace       used 145781K, committed 148416K, reserved 1179648K
  class space    used 20204K, committed 21504K, reserved 1048576K
}
Event: 187.070 GC heap after
{Heap after GC invocations=71 (full 0):
 garbage-first heap   total 481280K, used 335801K [0x0000000080000000, 0x0000000100000000)
  region size 1024K, 17 young (17408K), 17 survivors (17408K)
 Metaspace       used 145781K, committed 148416K, reserved 1179648K
  class space    used 20204K, committed 21504K, reserved 1048576K
}
Event: 189.395 GC heap before
{Heap before GC invocations=71 (full 0):
 garbage-first heap   total 481280K, used 458681K [0x0000000080000000, 0x0000000100000000)
  region size 1024K, 114 young (116736K), 17 survivors (17408K)
 Metaspace       used 146148K, committed 148736K, reserved 1179648K
  class space    used 20251K, committed 21504K, reserved 1048576K
}
Event: 189.538 GC heap after
{Heap after GC invocations=72 (full 0):
 garbage-first heap   total 514048K, used 383965K [0x0000000080000000, 0x0000000100000000)
  region size 1024K, 15 young (15360K), 15 survivors (15360K)
 Metaspace       used 146148K, committed 148736K, reserved 1179648K
  class space    used 20251K, committed 21504K, reserved 1048576K
}
Event: 189.712 GC heap before
{Heap before GC invocations=72 (full 0):
 garbage-first heap   total 514048K, used 407517K [0x0000000080000000, 0x0000000100000000)
  region size 1024K, 38 young (38912K), 15 survivors (15360K)
 Metaspace       used 146148K, committed 148736K, reserved 1179648K
  class space    used 20251K, committed 21504K, reserved 1048576K
}
Event: 189.780 GC heap after
{Heap after GC invocations=73 (full 0):
 garbage-first heap   total 514048K, used 391168K [0x0000000080000000, 0x0000000100000000)
  region size 1024K, 5 young (5120K), 5 survivors (5120K)
 Metaspace       used 146148K, committed 148736K, reserved 1179648K
  class space    used 20251K, committed 21504K, reserved 1048576K
}
Event: 190.723 GC heap before
{Heap before GC invocations=73 (full 0):
 garbage-first heap   total 514048K, used 460800K [0x0000000080000000, 0x0000000100000000)
  region size 1024K, 68 young (69632K), 5 survivors (5120K)
 Metaspace       used 147690K, committed 150272K, reserved 1179648K
  class space    used 20616K, committed 21888K, reserved 1048576K
}

