# JRE version: OpenJDK Runtime Environment (21.0.8) (build 21.0.8+-14196175-b1038.72)
# Java VM: OpenJDK 64-Bit Server VM (21.0.8+-14196175-b1038.72, mixed mode, tiered, compressed oops, compressed class ptrs, g1 gc, windows-amd64)
GC Precious Log:
 CardTable entry size: 512
 Card Set container configuration: InlinePtr #cards 5 size 8 Array Of Cards #cards 12 size 40 Howl #buckets 4 coarsen threshold 1843 Howl Bitmap #cards 512 size 80 coarsen threshold 460 Card regions per heap region 1 cards per card region 2048
 CPUs: 4 total, 4 available
 Memory: 8058M
 Large Page Support: Disabled
 NUMA Support: Disabled
 Compressed Oops: Enabled (32-bit)
 Heap Region Size: 1M
 Heap Min Capacity: 8M
 Heap Initial Capacity: 126M
 Heap Max Capacity: 2G
 Pre-touch: Disabled
 Parallel Workers: 4
 Concurrent Workers: 1
 Concurrent Refinement Workers: 4
 Periodic GC: Disabled
Heap:
 garbage-first heap   total 476160K, used 356864K [0x0000000080000000, 0x0000000100000000)
  region size 1024K, 48 young (49152K), 4 survivors (4096K)
 Metaspace       used 182768K, committed 185472K, reserved 1245184K
  class space    used 24988K, committed 26304K, reserved 1048576K
GC Heap History (20 events):
Event: 1045.700 GC heap before
{Heap before GC invocations=111 (full 0):
 garbage-first heap   total 473088K, used 355328K [0x0000000080000000, 0x0000000100000000)
  region size 1024K, 90 young (92160K), 14 survivors (14336K)
 Metaspace       used 170598K, committed 173184K, reserved 1245184K
  class space    used 23576K, committed 24832K, reserved 1048576K
}
Event: 1045.792 GC heap after
{Heap after GC invocations=112 (full 0):
 garbage-first heap   total 473088K, used 285092K [0x0000000080000000, 0x0000000100000000)
  region size 1024K, 9 young (9216K), 9 survivors (9216K)
 Metaspace       used 170598K, committed 173184K, reserved 1245184K
  class space    used 23576K, committed 24832K, reserved 1048576K
}
Event: 1046.372 GC heap before
{Heap before GC invocations=112 (full 0):
 garbage-first heap   total 473088K, used 299428K [0x0000000080000000, 0x0000000100000000)
  region size 1024K, 23 young (23552K), 9 survivors (9216K)
 Metaspace       used 170827K, committed 173376K, reserved 1245184K
  class space    used 23603K, committed 24832K, reserved 1048576K
}
Event: 1046.438 GC heap after
{Heap after GC invocations=113 (full 0):
 garbage-first heap   total 473088K, used 287189K [0x0000000080000000, 0x0000000100000000)
  region size 1024K, 3 young (3072K), 3 survivors (3072K)
 Metaspace       used 170827K, committed 173376K, reserved 1245184K
  class space    used 23603K, committed 24832K, reserved 1048576K
}
Event: 1050.393 GC heap before
{Heap before GC invocations=114 (full 0):
 garbage-first heap   total 476160K, used 358869K [0x0000000080000000, 0x0000000100000000)
  region size 1024K, 75 young (76800K), 3 survivors (3072K)
 Metaspace       used 172393K, committed 175040K, reserved 1245184K
  class space    used 23790K, committed 25088K, reserved 1048576K
}
Event: 1050.448 GC heap after
{Heap after GC invocations=115 (full 0):
 garbage-first heap   total 476160K, used 290769K [0x0000000080000000, 0x0000000100000000)
  region size 1024K, 8 young (8192K), 8 survivors (8192K)
 Metaspace       used 172393K, committed 175040K, reserved 1245184K
  class space    used 23790K, committed 25088K, reserved 1048576K
}
Event: 1149.977 GC heap before
{Heap before GC invocations=115 (full 0):
 garbage-first heap   total 476160K, used 430033K [0x0000000080000000, 0x0000000100000000)
  region size 1024K, 144 young (147456K), 8 survivors (8192K)
 Metaspace       used 176505K, committed 179200K, reserved 1245184K
  class space    used 24301K, committed 25600K, reserved 1048576K
}
Event: 1150.371 GC heap after
{Heap after GC invocations=116 (full 0):
 garbage-first heap   total 476160K, used 287392K [0x0000000080000000, 0x0000000100000000)
  region size 1024K, 18 young (18432K), 18 survivors (18432K)
 Metaspace       used 176505K, committed 179200K, reserved 1245184K
  class space    used 24301K, committed 25600K, reserved 1048576K
}
Event: 1151.137 GC heap before
{Heap before GC invocations=116 (full 0):
 garbage-first heap   total 476160K, used 292512K [0x0000000080000000, 0x0000000100000000)
  region size 1024K, 23 young (23552K), 18 survivors (18432K)
 Metaspace       used 177145K, committed 179840K, reserved 1245184K
  class space    used 24373K, committed 25664K, reserved 1048576K
}
Event: 1151.298 GC heap after
{Heap after GC invocations=117 (full 0):
 garbage-first heap   total 476160K, used 282624K [0x0000000080000000, 0x0000000100000000)
  region size 1024K, 2 young (2048K), 2 survivors (2048K)
 Metaspace       used 177145K, committed 179840K, reserved 1245184K
  class space    used 24373K, committed 25664K, reserved 1048576K
}
Event: 1156.330 GC heap before
{Heap before GC invocations=117 (full 0):
 garbage-first heap   total 476160K, used 357376K [0x0000000080000000, 0x0000000100000000)
  region size 1024K, 75 young (76800K), 2 survivors (2048K)
 Metaspace       used 178286K, committed 180992K, reserved 1245184K
  class space    used 24494K, committed 25792K, reserved 1048576K
}
Event: 1156.410 GC heap after
{Heap after GC invocations=118 (full 0):
 garbage-first heap   total 476160K, used 285696K [0x0000000080000000, 0x0000000100000000)
  region size 1024K, 10 young (10240K), 10 survivors (10240K)
 Metaspace       used 178286K, committed 180992K, reserved 1245184K
  class space    used 24494K, committed 25792K, reserved 1048576K
}
Event: 1157.222 GC heap before
{Heap before GC invocations=118 (full 0):
 garbage-first heap   total 476160K, used 317440K [0x0000000080000000, 0x0000000100000000)
  region size 1024K, 41 young (41984K), 10 survivors (10240K)
 Metaspace       used 178318K, committed 181056K, reserved 1245184K
  class space    used 24494K, committed 25792K, reserved 1048576K
}
Event: 1157.340 GC heap after
{Heap after GC invocations=119 (full 0):
 garbage-first heap   total 476160K, used 284148K [0x0000000080000000, 0x0000000100000000)
  region size 1024K, 3 young (3072K), 3 survivors (3072K)
 Metaspace       used 178318K, committed 181056K, reserved 1245184K
  class space    used 24494K, committed 25792K, reserved 1048576K
}
Event: 1161.335 GC heap before
{Heap before GC invocations=119 (full 0):
 garbage-first heap   total 476160K, used 378356K [0x0000000080000000, 0x0000000100000000)
  region size 1024K, 96 young (98304K), 3 survivors (3072K)
 Metaspace       used 181342K, committed 184064K, reserved 1245184K
  class space    used 24845K, committed 26176K, reserved 1048576K
}
Event: 1161.443 GC heap after
{Heap after GC invocations=120 (full 0):
 garbage-first heap   total 476160K, used 285696K [0x0000000080000000, 0x0000000100000000)
  region size 1024K, 8 young (8192K), 8 survivors (8192K)
 Metaspace       used 181342K, committed 184064K, reserved 1245184K
  class space    used 24845K, committed 26176K, reserved 1048576K
}
Event: 1167.723 GC heap before
{Heap before GC invocations=120 (full 0):
 garbage-first heap   total 476160K, used 363520K [0x0000000080000000, 0x0000000100000000)
  region size 1024K, 83 young (84992K), 8 survivors (8192K)
 Metaspace       used 182560K, committed 185344K, reserved 1245184K
  class space    used 24958K, committed 26304K, reserved 1048576K
}
Event: 1167.856 GC heap after
{Heap after GC invocations=121 (full 0):
 garbage-first heap   total 476160K, used 298942K [0x0000000080000000, 0x0000000100000000)
  region size 1024K, 11 young (11264K), 11 survivors (11264K)
 Metaspace       used 182560K, committed 185344K, reserved 1245184K
  class space    used 24958K, committed 26304K, reserved 1048576K
}
Event: 1168.991 GC heap before
{Heap before GC invocations=121 (full 0):
 garbage-first heap   total 476160K, used 313278K [0x0000000080000000, 0x0000000100000000)
  region size 1024K, 26 young (26624K), 11 survivors (11264K)
 Metaspace       used 182563K, committed 185344K, reserved 1245184K
  class space    used 24958K, committed 26304K, reserved 1048576K
}
Event: 1169.055 GC heap after
{Heap after GC invocations=122 (full 0):
 garbage-first heap   total 476160K, used 306688K [0x0000000080000000, 0x0000000100000000)
  region size 1024K, 4 young (4096K), 4 survivors (4096K)
 Metaspace       used 182563K, committed 185344K, reserved 1245184K
  class space    used 24958K, committed 26304K, reserved 1048576K
}

