# JRE version: OpenJDK Runtime Environment (21.0.8) (build 21.0.8+-14196175-b1038.72)
# Java VM: OpenJDK 64-Bit Server VM (21.0.8+-14196175-b1038.72, mixed mode, tiered, compressed oops, compressed class ptrs, g1 gc, windows-amd64)
GC Precious Log:
 CardTable entry size: 512
 Card Set container configuration: InlinePtr #cards 5 size 8 Array Of Cards #cards 12 size 40 Howl #buckets 4 coarsen threshold 1843 Howl Bitmap #cards 512 size 80 coarsen threshold 460 Card regions per heap region 1 cards per card region 2048
 CPUs: 4 total, 4 available
 Memory: 8058M
 Large Page Support: Disabled
 NUMA Support: Disabled
 Compressed Oops: Enabled (32-bit)
 Heap Region Size: 1M
 Heap Min Capacity: 8M
 Heap Initial Capacity: 126M
 Heap Max Capacity: 2G
 Pre-touch: Disabled
 Parallel Workers: 4
 Concurrent Workers: 1
 Concurrent Refinement Workers: 4
 Periodic GC: Disabled
Heap:
 garbage-first heap   total 457728K, used 379904K [0x0000000080000000, 0x0000000100000000)
  region size 1024K, 9 young (9216K), 9 survivors (9216K)
 Metaspace       used 129696K, committed 131968K, reserved 1179648K
  class space    used 18388K, committed 19520K, reserved 1048576K
GC Heap History (20 events):
Event: 83.911 GC heap after
{Heap after GC invocations=69 (full 0):
 garbage-first heap   total 232448K, used 143508K [0x0000000080000000, 0x0000000100000000)
  region size 1024K, 7 young (7168K), 7 survivors (7168K)
 Metaspace       used 119552K, committed 121728K, reserved 1179648K
  class space    used 16921K, committed 17984K, reserved 1048576K
}
Event: 87.840 GC heap before
{Heap before GC invocations=70 (full 0):
 garbage-first heap   total 249856K, used 215188K [0x0000000080000000, 0x0000000100000000)
  region size 1024K, 73 young (74752K), 7 survivors (7168K)
 Metaspace       used 121883K, committed 124096K, reserved 1179648K
  class space    used 17121K, committed 18240K, reserved 1048576K
}
Event: 87.859 GC heap after
{Heap after GC invocations=71 (full 0):
 garbage-first heap   total 249856K, used 148797K [0x0000000080000000, 0x0000000100000000)
  region size 1024K, 9 young (9216K), 9 survivors (9216K)
 Metaspace       used 121883K, committed 124096K, reserved 1179648K
  class space    used 17121K, committed 18240K, reserved 1048576K
}
Event: 89.406 GC heap before
{Heap before GC invocations=71 (full 0):
 garbage-first heap   total 249856K, used 225597K [0x0000000080000000, 0x0000000100000000)
  region size 1024K, 85 young (87040K), 9 survivors (9216K)
 Metaspace       used 121995K, committed 124288K, reserved 1179648K
  class space    used 17135K, committed 18240K, reserved 1048576K
}
Event: 89.427 GC heap after
{Heap after GC invocations=72 (full 0):
 garbage-first heap   total 249856K, used 149587K [0x0000000080000000, 0x0000000100000000)
  region size 1024K, 5 young (5120K), 5 survivors (5120K)
 Metaspace       used 121995K, committed 124288K, reserved 1179648K
  class space    used 17135K, committed 18240K, reserved 1048576K
}
Event: 90.516 GC heap before
{Heap before GC invocations=72 (full 0):
 garbage-first heap   total 249856K, used 229459K [0x0000000080000000, 0x0000000100000000)
  region size 1024K, 84 young (86016K), 5 survivors (5120K)
 Metaspace       used 122062K, committed 124416K, reserved 1179648K
  class space    used 17140K, committed 18304K, reserved 1048576K
}
Event: 90.526 GC heap after
{Heap after GC invocations=73 (full 0):
 garbage-first heap   total 249856K, used 151252K [0x0000000080000000, 0x0000000100000000)
  region size 1024K, 6 young (6144K), 6 survivors (6144K)
 Metaspace       used 122062K, committed 124416K, reserved 1179648K
  class space    used 17140K, committed 18304K, reserved 1048576K
}
Event: 94.475 GC heap before
{Heap before GC invocations=74 (full 0):
 garbage-first heap   total 286720K, used 285396K [0x0000000080000000, 0x0000000100000000)
  region size 1024K, 67 young (68608K), 6 survivors (6144K)
 Metaspace       used 125782K, committed 128064K, reserved 1179648K
  class space    used 17683K, committed 18816K, reserved 1048576K
}
Event: 94.507 GC heap after
{Heap after GC invocations=75 (full 0):
 garbage-first heap   total 311296K, used 222717K [0x0000000080000000, 0x0000000100000000)
  region size 1024K, 11 young (11264K), 11 survivors (11264K)
 Metaspace       used 125782K, committed 128064K, reserved 1179648K
  class space    used 17683K, committed 18816K, reserved 1048576K
}
Event: 94.617 GC heap before
{Heap before GC invocations=75 (full 0):
 garbage-first heap   total 319488K, used 317949K [0x0000000080000000, 0x0000000100000000)
  region size 1024K, 38 young (38912K), 11 survivors (11264K)
 Metaspace       used 125817K, committed 128064K, reserved 1179648K
  class space    used 17687K, committed 18816K, reserved 1048576K
}
Event: 94.652 GC heap after
{Heap after GC invocations=76 (full 0):
 garbage-first heap   total 346112K, used 259827K [0x0000000080000000, 0x0000000100000000)
  region size 1024K, 9 young (9216K), 9 survivors (9216K)
 Metaspace       used 125817K, committed 128064K, reserved 1179648K
  class space    used 17687K, committed 18816K, reserved 1048576K
}
Event: 95.669 GC heap before
{Heap before GC invocations=76 (full 0):
 garbage-first heap   total 346112K, used 290547K [0x0000000080000000, 0x0000000100000000)
  region size 1024K, 41 young (41984K), 9 survivors (9216K)
 Metaspace       used 126159K, committed 128448K, reserved 1179648K
  class space    used 17731K, committed 18880K, reserved 1048576K
}
Event: 95.697 GC heap after
{Heap after GC invocations=77 (full 0):
 garbage-first heap   total 346112K, used 271644K [0x0000000080000000, 0x0000000100000000)
  region size 1024K, 8 young (8192K), 8 survivors (8192K)
 Metaspace       used 126159K, committed 128448K, reserved 1179648K
  class space    used 17731K, committed 18880K, reserved 1048576K
}
Event: 96.656 GC heap before
{Heap before GC invocations=78 (full 0):
 garbage-first heap   total 457728K, used 316700K [0x0000000080000000, 0x0000000100000000)
  region size 1024K, 49 young (50176K), 8 survivors (8192K)
 Metaspace       used 126160K, committed 128448K, reserved 1179648K
  class space    used 17731K, committed 18880K, reserved 1048576K
}
Event: 96.703 GC heap after
{Heap after GC invocations=79 (full 0):
 garbage-first heap   total 457728K, used 292352K [0x0000000080000000, 0x0000000100000000)
  region size 1024K, 7 young (7168K), 7 survivors (7168K)
 Metaspace       used 126160K, committed 128448K, reserved 1179648K
  class space    used 17731K, committed 18880K, reserved 1048576K
}
Event: 99.391 GC heap before
{Heap before GC invocations=79 (full 0):
 garbage-first heap   total 457728K, used 397824K [0x0000000080000000, 0x0000000100000000)
  region size 1024K, 102 young (104448K), 7 survivors (7168K)
 Metaspace       used 126174K, committed 128448K, reserved 1179648K
  class space    used 17734K, committed 18880K, reserved 1048576K
}
Event: 99.500 GC heap after
{Heap after GC invocations=80 (full 0):
 garbage-first heap   total 457728K, used 337408K [0x0000000080000000, 0x0000000100000000)
  region size 1024K, 13 young (13312K), 13 survivors (13312K)
 Metaspace       used 126174K, committed 128448K, reserved 1179648K
  class space    used 17734K, committed 18880K, reserved 1048576K
}
Event: 100.783 GC heap before
{Heap before GC invocations=80 (full 0):
 garbage-first heap   total 457728K, used 401920K [0x0000000080000000, 0x0000000100000000)
  region size 1024K, 77 young (78848K), 13 survivors (13312K)
 Metaspace       used 129549K, committed 131840K, reserved 1179648K
  class space    used 18380K, committed 19520K, reserved 1048576K
}
Event: 100.847 GC heap after
{Heap after GC invocations=81 (full 0):
 garbage-first heap   total 457728K, used 353792K [0x0000000080000000, 0x0000000100000000)
  region size 1024K, 10 young (10240K), 10 survivors (10240K)
 Metaspace       used 129549K, committed 131840K, reserved 1179648K
  class space    used 18380K, committed 19520K, reserved 1048576K
}
Event: 101.223 GC heap before
{Heap before GC invocations=81 (full 0):
 garbage-first heap   total 457728K, used 409088K [0x0000000080000000, 0x0000000100000000)
  region size 1024K, 65 young (66560K), 10 survivors (10240K)
 Metaspace       used 129696K, committed 131968K, reserved 1179648K
  class space    used 18388K, committed 19520K, reserved 1048576K
}

