# JRE version: OpenJDK Runtime Environment (21.0.8) (build 21.0.8+-14196175-b1038.72)
# Java VM: OpenJDK 64-Bit Server VM (21.0.8+-14196175-b1038.72, mixed mode, tiered, compressed oops, compressed class ptrs, g1 gc, windows-amd64)
GC Precious Log:
 CardTable entry size: 512
 Card Set container configuration: InlinePtr #cards 5 size 8 Array Of Cards #cards 12 size 40 Howl #buckets 4 coarsen threshold 1843 Howl Bitmap #cards 512 size 80 coarsen threshold 460 Card regions per heap region 1 cards per card region 2048
 CPUs: 4 total, 4 available
 Memory: 8058M
 Large Page Support: Disabled
 NUMA Support: Disabled
 Compressed Oops: Enabled (32-bit)
 Heap Region Size: 1M
 Heap Min Capacity: 8M
 Heap Initial Capacity: 126M
 Heap Max Capacity: 2G
 Pre-touch: Disabled
 Parallel Workers: 4
 Concurrent Workers: 1
 Concurrent Refinement Workers: 4
 Periodic GC: Disabled
Heap:
 garbage-first heap   total 459776K, used 318464K [0x0000000080000000, 0x0000000100000000)
  region size 1024K, 15 young (15360K), 15 survivors (15360K)
 Metaspace       used 126032K, committed 128320K, reserved 1179648K
  class space    used 17742K, committed 18880K, reserved 1048576K
GC Heap History (20 events):
Event: 48.630 GC heap after
{Heap after GC invocations=67 (full 0):
 garbage-first heap   total 234496K, used 141417K [0x0000000080000000, 0x0000000100000000)
  region size 1024K, 7 young (7168K), 7 survivors (7168K)
 Metaspace       used 119111K, committed 121280K, reserved 1179648K
  class space    used 16861K, committed 17920K, reserved 1048576K
}
Event: 49.415 GC heap before
{Heap before GC invocations=67 (full 0):
 garbage-first heap   total 234496K, used 218217K [0x0000000080000000, 0x0000000100000000)
  region size 1024K, 78 young (79872K), 7 survivors (7168K)
 Metaspace       used 120283K, committed 122432K, reserved 1179648K
  class space    used 16943K, committed 17984K, reserved 1048576K
}
Event: 49.429 GC heap after
{Heap after GC invocations=68 (full 0):
 garbage-first heap   total 234496K, used 142366K [0x0000000080000000, 0x0000000100000000)
  region size 1024K, 7 young (7168K), 7 survivors (7168K)
 Metaspace       used 120283K, committed 122432K, reserved 1179648K
  class space    used 16943K, committed 17984K, reserved 1048576K
}
Event: 50.471 GC heap before
{Heap before GC invocations=68 (full 0):
 garbage-first heap   total 234496K, used 213022K [0x0000000080000000, 0x0000000100000000)
  region size 1024K, 77 young (78848K), 7 survivors (7168K)
 Metaspace       used 121739K, committed 124096K, reserved 1179648K
  class space    used 17129K, committed 18304K, reserved 1048576K
}
Event: 50.486 GC heap after
{Heap after GC invocations=69 (full 0):
 garbage-first heap   total 234496K, used 147313K [0x0000000080000000, 0x0000000100000000)
  region size 1024K, 9 young (9216K), 9 survivors (9216K)
 Metaspace       used 121739K, committed 124096K, reserved 1179648K
  class space    used 17129K, committed 18304K, reserved 1048576K
}
Event: 51.242 GC heap before
{Heap before GC invocations=70 (full 0):
 garbage-first heap   total 245760K, used 211825K [0x0000000080000000, 0x0000000100000000)
  region size 1024K, 73 young (74752K), 9 survivors (9216K)
 Metaspace       used 121802K, committed 124096K, reserved 1179648K
  class space    used 17136K, committed 18304K, reserved 1048576K
}
Event: 51.256 GC heap after
{Heap after GC invocations=71 (full 0):
 garbage-first heap   total 245760K, used 149921K [0x0000000080000000, 0x0000000100000000)
  region size 1024K, 5 young (5120K), 5 survivors (5120K)
 Metaspace       used 121802K, committed 124096K, reserved 1179648K
  class space    used 17136K, committed 18304K, reserved 1048576K
}
Event: 52.375 GC heap before
{Heap before GC invocations=71 (full 0):
 garbage-first heap   total 245760K, used 226721K [0x0000000080000000, 0x0000000100000000)
  region size 1024K, 81 young (82944K), 5 survivors (5120K)
 Metaspace       used 122043K, committed 124288K, reserved 1179648K
  class space    used 17164K, committed 18304K, reserved 1048576K
}
Event: 52.387 GC heap after
{Heap after GC invocations=72 (full 0):
 garbage-first heap   total 245760K, used 150744K [0x0000000080000000, 0x0000000100000000)
  region size 1024K, 6 young (6144K), 6 survivors (6144K)
 Metaspace       used 122043K, committed 124288K, reserved 1179648K
  class space    used 17164K, committed 18304K, reserved 1048576K
}
Event: 52.688 GC heap before
{Heap before GC invocations=72 (full 0):
 garbage-first heap   total 245760K, used 170200K [0x0000000080000000, 0x0000000100000000)
  region size 1024K, 27 young (27648K), 6 survivors (6144K)
 Metaspace       used 122207K, committed 124480K, reserved 1179648K
  class space    used 17186K, committed 18304K, reserved 1048576K
}
Event: 52.703 GC heap after
{Heap after GC invocations=73 (full 0):
 garbage-first heap   total 245760K, used 151702K [0x0000000080000000, 0x0000000100000000)
  region size 1024K, 5 young (5120K), 5 survivors (5120K)
 Metaspace       used 122207K, committed 124480K, reserved 1179648K
  class space    used 17186K, committed 18304K, reserved 1048576K
}
Event: 54.617 GC heap before
{Heap before GC invocations=74 (full 0):
 garbage-first heap   total 258048K, used 256150K [0x0000000080000000, 0x0000000100000000)
  region size 1024K, 54 young (55296K), 5 survivors (5120K)
 Metaspace       used 125656K, committed 127936K, reserved 1179648K
  class space    used 17694K, committed 18816K, reserved 1048576K
}
Event: 54.637 GC heap after
{Heap after GC invocations=75 (full 0):
 garbage-first heap   total 280576K, used 216585K [0x0000000080000000, 0x0000000100000000)
  region size 1024K, 10 young (10240K), 10 survivors (10240K)
 Metaspace       used 125656K, committed 127936K, reserved 1179648K
  class space    used 17694K, committed 18816K, reserved 1048576K
}
Event: 54.674 GC heap before
{Heap before GC invocations=75 (full 0):
 garbage-first heap   total 290816K, used 289289K [0x0000000080000000, 0x0000000100000000)
  region size 1024K, 25 young (25600K), 10 survivors (10240K)
 Metaspace       used 125657K, committed 127936K, reserved 1179648K
  class space    used 17694K, committed 18816K, reserved 1048576K
}
Event: 54.695 GC heap after
{Heap after GC invocations=76 (full 0):
 garbage-first heap   total 310272K, used 244649K [0x0000000080000000, 0x0000000100000000)
  region size 1024K, 6 young (6144K), 6 survivors (6144K)
 Metaspace       used 125657K, committed 127936K, reserved 1179648K
  class space    used 17694K, committed 18816K, reserved 1048576K
}
Event: 54.702 GC heap before
{Heap before GC invocations=76 (full 0):
 garbage-first heap   total 310272K, used 247721K [0x0000000080000000, 0x0000000100000000)
  region size 1024K, 11 young (11264K), 6 survivors (6144K)
 Metaspace       used 125658K, committed 127936K, reserved 1179648K
  class space    used 17694K, committed 18816K, reserved 1048576K
}
Event: 54.706 GC heap after
{Heap after GC invocations=77 (full 0):
 garbage-first heap   total 310272K, used 246545K [0x0000000080000000, 0x0000000100000000)
  region size 1024K, 3 young (3072K), 3 survivors (3072K)
 Metaspace       used 125658K, committed 127936K, reserved 1179648K
  class space    used 17694K, committed 18816K, reserved 1048576K
}
Event: 55.333 GC heap before
{Heap before GC invocations=78 (full 0):
 garbage-first heap   total 459776K, used 309009K [0x0000000080000000, 0x0000000100000000)
  region size 1024K, 38 young (38912K), 3 survivors (3072K)
 Metaspace       used 126032K, committed 128320K, reserved 1179648K
  class space    used 17742K, committed 18880K, reserved 1048576K
}
Event: 55.356 GC heap after
{Heap after GC invocations=79 (full 0):
 garbage-first heap   total 459776K, used 270336K [0x0000000080000000, 0x0000000100000000)
  region size 1024K, 5 young (5120K), 5 survivors (5120K)
 Metaspace       used 126032K, committed 128320K, reserved 1179648K
  class space    used 17742K, committed 18880K, reserved 1048576K
}
Event: 58.077 GC heap before
{Heap before GC invocations=79 (full 0):
 garbage-first heap   total 459776K, used 393216K [0x0000000080000000, 0x0000000100000000)
  region size 1024K, 119 young (121856K), 5 survivors (5120K)
 Metaspace       used 126032K, committed 128320K, reserved 1179648K
  class space    used 17742K, committed 18880K, reserved 1048576K
}

