# JRE version: OpenJDK Runtime Environment (21.0.8) (build 21.0.8+-14196175-b1038.72)
# Java VM: OpenJDK 64-Bit Server VM (21.0.8+-14196175-b1038.72, mixed mode, tiered, compressed oops, compressed class ptrs, g1 gc, windows-amd64)
GC Precious Log:
 CardTable entry size: 512
 Card Set container configuration: InlinePtr #cards 5 size 8 Array Of Cards #cards 12 size 40 Howl #buckets 4 coarsen threshold 1843 Howl Bitmap #cards 512 size 80 coarsen threshold 460 Card regions per heap region 1 cards per card region 2048
 CPUs: 4 total, 4 available
 Memory: 8058M
 Large Page Support: Disabled
 NUMA Support: Disabled
 Compressed Oops: Enabled (32-bit)
 Heap Region Size: 1M
 Heap Min Capacity: 8M
 Heap Initial Capacity: 126M
 Heap Max Capacity: 2016M
 Pre-touch: Disabled
 Parallel Workers: 4
 Concurrent Workers: 1
 Concurrent Refinement Workers: 4
 Periodic GC: Disabled
Heap:
 garbage-first heap   total 263168K, used 196096K [0x0000000082000000, 0x0000000100000000)
  region size 1024K, 27 young (27648K), 10 survivors (10240K)
 Metaspace       used 81612K, committed 81920K, reserved 1179648K
  class space    used 8681K, committed 8832K, reserved 1048576K
GC Heap History (20 events):
Event: 94.270 GC heap before
{Heap before GC invocations=45 (full 0):
 garbage-first heap   total 181248K, used 158720K [0x0000000082000000, 0x0000000100000000)
  region size 1024K, 46 young (47104K), 7 survivors (7168K)
 Metaspace       used 70653K, committed 70912K, reserved 1114112K
  class space    used 7843K, committed 7936K, reserved 1048576K
}
Event: 94.291 GC heap after
{Heap after GC invocations=46 (full 0):
 garbage-first heap   total 181248K, used 125952K [0x0000000082000000, 0x0000000100000000)
  region size 1024K, 6 young (6144K), 6 survivors (6144K)
 Metaspace       used 70653K, committed 70912K, reserved 1114112K
  class space    used 7843K, committed 7936K, reserved 1048576K
}
Event: 96.627 GC heap before
{Heap before GC invocations=47 (full 0):
 garbage-first heap   total 209920K, used 162816K [0x0000000082000000, 0x0000000100000000)
  region size 1024K, 42 young (43008K), 6 survivors (6144K)
 Metaspace       used 70850K, committed 71168K, reserved 1114112K
  class space    used 7852K, committed 8000K, reserved 1048576K
}
Event: 96.644 GC heap after
{Heap after GC invocations=48 (full 0):
 garbage-first heap   total 209920K, used 132825K [0x0000000082000000, 0x0000000100000000)
  region size 1024K, 6 young (6144K), 6 survivors (6144K)
 Metaspace       used 70850K, committed 71168K, reserved 1114112K
  class space    used 7852K, committed 8000K, reserved 1048576K
}
Event: 111.635 GC heap before
{Heap before GC invocations=48 (full 0):
 garbage-first heap   total 209920K, used 181977K [0x0000000082000000, 0x0000000100000000)
  region size 1024K, 54 young (55296K), 6 survivors (6144K)
 Metaspace       used 71048K, committed 71360K, reserved 1114112K
  class space    used 7859K, committed 8000K, reserved 1048576K
}
Event: 111.712 GC heap after
{Heap after GC invocations=49 (full 0):
 garbage-first heap   total 209920K, used 139264K [0x0000000082000000, 0x0000000100000000)
  region size 1024K, 7 young (7168K), 7 survivors (7168K)
 Metaspace       used 71048K, committed 71360K, reserved 1114112K
  class space    used 7859K, committed 8000K, reserved 1048576K
}
Event: 140.743 GC heap before
{Heap before GC invocations=49 (full 0):
 garbage-first heap   total 209920K, used 187392K [0x0000000082000000, 0x0000000100000000)
  region size 1024K, 54 young (55296K), 7 survivors (7168K)
 Metaspace       used 71238K, committed 71552K, reserved 1114112K
  class space    used 7865K, committed 8000K, reserved 1048576K
}
Event: 140.981 GC heap after
{Heap after GC invocations=50 (full 0):
 garbage-first heap   total 209920K, used 144691K [0x0000000082000000, 0x0000000100000000)
  region size 1024K, 6 young (6144K), 6 survivors (6144K)
 Metaspace       used 71238K, committed 71552K, reserved 1114112K
  class space    used 7865K, committed 8000K, reserved 1048576K
}
Event: 159.868 GC heap before
{Heap before GC invocations=51 (full 0):
 garbage-first heap   total 242688K, used 189747K [0x0000000082000000, 0x0000000100000000)
  region size 1024K, 50 young (51200K), 6 survivors (6144K)
 Metaspace       used 71613K, committed 71872K, reserved 1114112K
  class space    used 7893K, committed 8000K, reserved 1048576K
}
Event: 159.965 GC heap after
{Heap after GC invocations=52 (full 0):
 garbage-first heap   total 242688K, used 148824K [0x0000000082000000, 0x0000000100000000)
  region size 1024K, 4 young (4096K), 4 survivors (4096K)
 Metaspace       used 71613K, committed 71872K, reserved 1114112K
  class space    used 7893K, committed 8000K, reserved 1048576K
}
Event: 174.275 GC heap before
{Heap before GC invocations=52 (full 0):
 garbage-first heap   total 242688K, used 217432K [0x0000000082000000, 0x0000000100000000)
  region size 1024K, 71 young (72704K), 4 survivors (4096K)
 Metaspace       used 71855K, committed 72128K, reserved 1114112K
  class space    used 7901K, committed 8000K, reserved 1048576K
}
Event: 174.354 GC heap after
{Heap after GC invocations=53 (full 0):
 garbage-first heap   total 242688K, used 153111K [0x0000000082000000, 0x0000000100000000)
  region size 1024K, 9 young (9216K), 9 survivors (9216K)
 Metaspace       used 71855K, committed 72128K, reserved 1114112K
  class space    used 7901K, committed 8000K, reserved 1048576K
}
Event: 190.043 GC heap before
{Heap before GC invocations=53 (full 0):
 garbage-first heap   total 242688K, used 219671K [0x0000000082000000, 0x0000000100000000)
  region size 1024K, 74 young (75776K), 9 survivors (9216K)
 Metaspace       used 75650K, committed 75968K, reserved 1179648K
  class space    used 8203K, committed 8320K, reserved 1048576K
}
Event: 190.091 GC heap after
{Heap after GC invocations=54 (full 0):
 garbage-first heap   total 242688K, used 157088K [0x0000000082000000, 0x0000000100000000)
  region size 1024K, 4 young (4096K), 4 survivors (4096K)
 Metaspace       used 75650K, committed 75968K, reserved 1179648K
  class space    used 8203K, committed 8320K, reserved 1048576K
}
Event: 203.650 GC heap before
{Heap before GC invocations=55 (full 0):
 garbage-first heap   total 263168K, used 222624K [0x0000000082000000, 0x0000000100000000)
  region size 1024K, 68 young (69632K), 4 survivors (4096K)
 Metaspace       used 76345K, committed 76608K, reserved 1179648K
  class space    used 8224K, committed 8320K, reserved 1048576K
}
Event: 203.677 GC heap after
{Heap after GC invocations=56 (full 0):
 garbage-first heap   total 263168K, used 161904K [0x0000000082000000, 0x0000000100000000)
  region size 1024K, 9 young (9216K), 9 survivors (9216K)
 Metaspace       used 76345K, committed 76608K, reserved 1179648K
  class space    used 8224K, committed 8320K, reserved 1048576K
}
Event: 206.259 GC heap before
{Heap before GC invocations=56 (full 0):
 garbage-first heap   total 263168K, used 238704K [0x0000000082000000, 0x0000000100000000)
  region size 1024K, 84 young (86016K), 9 survivors (9216K)
 Metaspace       used 77053K, committed 77312K, reserved 1179648K
  class space    used 8280K, committed 8384K, reserved 1048576K
}
Event: 206.311 GC heap after
{Heap after GC invocations=57 (full 0):
 garbage-first heap   total 263168K, used 168296K [0x0000000082000000, 0x0000000100000000)
  region size 1024K, 11 young (11264K), 11 survivors (11264K)
 Metaspace       used 77053K, committed 77312K, reserved 1179648K
  class space    used 8280K, committed 8384K, reserved 1048576K
}
Event: 208.160 GC heap before
{Heap before GC invocations=57 (full 0):
 garbage-first heap   total 263168K, used 236904K [0x0000000082000000, 0x0000000100000000)
  region size 1024K, 78 young (79872K), 11 survivors (11264K)
 Metaspace       used 78587K, committed 78912K, reserved 1179648K
  class space    used 8431K, committed 8576K, reserved 1048576K
}
Event: 208.201 GC heap after
{Heap after GC invocations=58 (full 0):
 garbage-first heap   total 263168K, used 179712K [0x0000000082000000, 0x0000000100000000)
  region size 1024K, 10 young (10240K), 10 survivors (10240K)
 Metaspace       used 78587K, committed 78912K, reserved 1179648K
  class space    used 8431K, committed 8576K, reserved 1048576K
}

