# JRE version: OpenJDK Runtime Environment (21.0.8) (build 21.0.8+-14196175-b1038.72)
# Java VM: OpenJDK 64-Bit Server VM (21.0.8+-14196175-b1038.72, mixed mode, tiered, compressed oops, compressed class ptrs, g1 gc, windows-amd64)
GC Precious Log:
 CardTable entry size: 512
 Card Set container configuration: InlinePtr #cards 5 size 8 Array Of Cards #cards 12 size 40 Howl #buckets 4 coarsen threshold 1843 Howl Bitmap #cards 512 size 80 coarsen threshold 460 Card regions per heap region 1 cards per card region 2048
 CPUs: 4 total, 4 available
 Memory: 8058M
 Large Page Support: Disabled
 NUMA Support: Disabled
 Compressed Oops: Enabled (32-bit)
 Heap Region Size: 1M
 Heap Min Capacity: 8M
 Heap Initial Capacity: 126M
 Heap Max Capacity: 2G
 Pre-touch: Disabled
 Parallel Workers: 4
 Concurrent Workers: 1
 Concurrent Refinement Workers: 4
 Periodic GC: Disabled
Heap:
 garbage-first heap   total 526336K, used 280898K [0x0000000080000000, 0x0000000100000000)
  region size 1024K, 5 young (5120K), 5 survivors (5120K)
 Metaspace       used 168109K, committed 170944K, reserved 1245184K
  class space    used 22365K, committed 23808K, reserved 1048576K
GC Heap History (20 events):
Event: 621.617 GC heap after
{Heap after GC invocations=86 (full 0):
 garbage-first heap   total 526336K, used 281670K [0x0000000080000000, 0x0000000100000000)
  region size 1024K, 14 young (14336K), 14 survivors (14336K)
 Metaspace       used 156780K, committed 159424K, reserved 1245184K
  class space    used 21091K, committed 22400K, reserved 1048576K
}
Event: 623.780 GC heap before
{Heap before GC invocations=86 (full 0):
 garbage-first heap   total 526336K, used 399430K [0x0000000080000000, 0x0000000100000000)
  region size 1024K, 128 young (131072K), 14 survivors (14336K)
 Metaspace       used 159664K, committed 162304K, reserved 1245184K
  class space    used 21285K, committed 22592K, reserved 1048576K
}
Event: 623.821 GC heap after
{Heap after GC invocations=87 (full 0):
 garbage-first heap   total 526336K, used 280064K [0x0000000080000000, 0x0000000100000000)
  region size 1024K, 11 young (11264K), 11 survivors (11264K)
 Metaspace       used 159664K, committed 162304K, reserved 1245184K
  class space    used 21285K, committed 22592K, reserved 1048576K
}
Event: 830.510 GC heap before
{Heap before GC invocations=87 (full 0):
 garbage-first heap   total 526336K, used 485888K [0x0000000080000000, 0x0000000100000000)
  region size 1024K, 213 young (218112K), 11 survivors (11264K)
 Metaspace       used 163014K, committed 165696K, reserved 1245184K
  class space    used 21781K, committed 23104K, reserved 1048576K
}
Event: 831.312 GC heap after
{Heap after GC invocations=88 (full 0):
 garbage-first heap   total 526336K, used 261390K [0x0000000080000000, 0x0000000100000000)
  region size 1024K, 23 young (23552K), 23 survivors (23552K)
 Metaspace       used 163014K, committed 165696K, reserved 1245184K
  class space    used 21781K, committed 23104K, reserved 1048576K
}
Event: 957.870 GC heap before
{Heap before GC invocations=88 (full 0):
 garbage-first heap   total 526336K, used 473358K [0x0000000080000000, 0x0000000100000000)
  region size 1024K, 231 young (236544K), 23 survivors (23552K)
 Metaspace       used 164185K, committed 166912K, reserved 1245184K
  class space    used 21886K, committed 23232K, reserved 1048576K
}
Event: 958.253 GC heap after
{Heap after GC invocations=89 (full 0):
 garbage-first heap   total 526336K, used 256708K [0x0000000080000000, 0x0000000100000000)
  region size 1024K, 10 young (10240K), 10 survivors (10240K)
 Metaspace       used 164185K, committed 166912K, reserved 1245184K
  class space    used 21886K, committed 23232K, reserved 1048576K
}
Event: 961.305 GC heap before
{Heap before GC invocations=90 (full 0):
 garbage-first heap   total 526336K, used 295620K [0x0000000080000000, 0x0000000100000000)
  region size 1024K, 49 young (50176K), 10 survivors (10240K)
 Metaspace       used 167013K, committed 169856K, reserved 1245184K
  class space    used 22269K, committed 23680K, reserved 1048576K
}
Event: 961.368 GC heap after
{Heap after GC invocations=91 (full 0):
 garbage-first heap   total 526336K, used 259072K [0x0000000080000000, 0x0000000100000000)
  region size 1024K, 3 young (3072K), 3 survivors (3072K)
 Metaspace       used 167013K, committed 169856K, reserved 1245184K
  class space    used 22269K, committed 23680K, reserved 1048576K
}
Event: 963.638 GC heap before
{Heap before GC invocations=91 (full 0):
 garbage-first heap   total 526336K, used 333824K [0x0000000080000000, 0x0000000100000000)
  region size 1024K, 76 young (77824K), 3 survivors (3072K)
 Metaspace       used 167120K, committed 169984K, reserved 1245184K
  class space    used 22269K, committed 23680K, reserved 1048576K
}
Event: 963.695 GC heap after
{Heap after GC invocations=92 (full 0):
 garbage-first heap   total 526336K, used 267091K [0x0000000080000000, 0x0000000100000000)
  region size 1024K, 10 young (10240K), 10 survivors (10240K)
 Metaspace       used 167120K, committed 169984K, reserved 1245184K
  class space    used 22269K, committed 23680K, reserved 1048576K
}
Event: 964.233 GC heap before
{Heap before GC invocations=92 (full 0):
 garbage-first heap   total 526336K, used 295763K [0x0000000080000000, 0x0000000100000000)
  region size 1024K, 38 young (38912K), 10 survivors (10240K)
 Metaspace       used 167142K, committed 169984K, reserved 1245184K
  class space    used 22270K, committed 23680K, reserved 1048576K
}
Event: 964.299 GC heap after
{Heap after GC invocations=93 (full 0):
 garbage-first heap   total 526336K, used 270179K [0x0000000080000000, 0x0000000100000000)
  region size 1024K, 4 young (4096K), 4 survivors (4096K)
 Metaspace       used 167142K, committed 169984K, reserved 1245184K
  class space    used 22270K, committed 23680K, reserved 1048576K
}
Event: 1271.603 GC heap before
{Heap before GC invocations=93 (full 0):
 garbage-first heap   total 526336K, used 368483K [0x0000000080000000, 0x0000000100000000)
  region size 1024K, 100 young (102400K), 4 survivors (4096K)
 Metaspace       used 167866K, committed 170688K, reserved 1245184K
  class space    used 22347K, committed 23744K, reserved 1048576K
}
Event: 1272.138 GC heap after
{Heap after GC invocations=94 (full 0):
 garbage-first heap   total 526336K, used 274981K [0x0000000080000000, 0x0000000100000000)
  region size 1024K, 9 young (9216K), 9 survivors (9216K)
 Metaspace       used 167866K, committed 170688K, reserved 1245184K
  class space    used 22347K, committed 23744K, reserved 1048576K
}
Event: 1273.140 GC heap before
{Heap before GC invocations=94 (full 0):
 garbage-first heap   total 526336K, used 291365K [0x0000000080000000, 0x0000000100000000)
  region size 1024K, 25 young (25600K), 9 survivors (9216K)
 Metaspace       used 167910K, committed 170752K, reserved 1245184K
  class space    used 22351K, committed 23744K, reserved 1048576K
}
Event: 1273.264 GC heap after
{Heap after GC invocations=95 (full 0):
 garbage-first heap   total 526336K, used 276655K [0x0000000080000000, 0x0000000100000000)
  region size 1024K, 4 young (4096K), 4 survivors (4096K)
 Metaspace       used 167910K, committed 170752K, reserved 1245184K
  class space    used 22351K, committed 23744K, reserved 1048576K
}
Event: 1274.711 GC heap before
{Heap before GC invocations=95 (full 0):
 garbage-first heap   total 526336K, used 298159K [0x0000000080000000, 0x0000000100000000)
  region size 1024K, 25 young (25600K), 4 survivors (4096K)
 Metaspace       used 168000K, committed 170880K, reserved 1245184K
  class space    used 22362K, committed 23808K, reserved 1048576K
}
Event: 1274.772 GC heap after
{Heap after GC invocations=96 (full 0):
 garbage-first heap   total 526336K, used 278432K [0x0000000080000000, 0x0000000100000000)
  region size 1024K, 3 young (3072K), 3 survivors (3072K)
 Metaspace       used 168000K, committed 170880K, reserved 1245184K
  class space    used 22362K, committed 23808K, reserved 1048576K
}
Event: 1324.903 GC heap before
{Heap before GC invocations=96 (full 0):
 garbage-first heap   total 526336K, used 327584K [0x0000000080000000, 0x0000000100000000)
  region size 1024K, 51 young (52224K), 3 survivors (3072K)
 Metaspace       used 168109K, committed 170944K, reserved 1245184K
  class space    used 22365K, committed 23808K, reserved 1048576K
}

